Der Buildvorgang wurde am 27.09.2016 22:26:12 gestartet.
     1>Projekt "c:\Users\jmartin\documents\visual studio 2010\Projects\Hausübung_Johannes_Martin\Hausübung_Johannes_Martin\Hausübung_Johannes_Martin.vcxproj" auf Knoten "2", build Ziel(e).
     1>InitializeBuildStatus:
         "Debug\Hausübung_Johannes_Martin.unsuccessfulbuild" wird erstellt, da "AlwaysCreate" angegeben wurde.
       ClCompile:
         C:\Program Files (x86)\Microsoft Visual Studio 10.0\VC\bin\CL.exe /c /ZI /nologo /W3 /WX- /Od /Oy- /D _MBCS /Gm /EHsc /RTC1 /MDd /GS- /fp:precise /Zc:wchar_t /Zc:forScope /Fo"Debug\\" /Fd"Debug\vc100.pdb" /Gd /TP /analyze- /errorReport:prompt Funkt.cpp
         Funkt.cpp
     1>c:\users\jmartin\documents\visual studio 2010\projects\hausübung_johannes_martin\hausübung_johannes_martin\funkt.cpp(16): warning C4996: 'fopen': This function or variable may be unsafe. Consider using fopen_s instead. To disable deprecation, use _CRT_SECURE_NO_WARNINGS. See online help for details.
                 c:\program files (x86)\microsoft visual studio 10.0\vc\include\stdio.h(234): Siehe Deklaration von 'fopen'
     1>c:\users\jmartin\documents\visual studio 2010\projects\hausübung_johannes_martin\hausübung_johannes_martin\funkt.cpp(17): warning C4996: 'fscanf': This function or variable may be unsafe. Consider using fscanf_s instead. To disable deprecation, use _CRT_SECURE_NO_WARNINGS. See online help for details.
                 c:\program files (x86)\microsoft visual studio 10.0\vc\include\stdio.h(253): Siehe Deklaration von 'fscanf'
     1>c:\users\jmartin\documents\visual studio 2010\projects\hausübung_johannes_martin\hausübung_johannes_martin\funkt.cpp(31): warning C4996: 'fopen': This function or variable may be unsafe. Consider using fopen_s instead. To disable deprecation, use _CRT_SECURE_NO_WARNINGS. See online help for details.
                 c:\program files (x86)\microsoft visual studio 10.0\vc\include\stdio.h(234): Siehe Deklaration von 'fopen'
     1>c:\users\jmartin\documents\visual studio 2010\projects\hausübung_johannes_martin\hausübung_johannes_martin\funkt.cpp(32): warning C4996: 'fscanf': This function or variable may be unsafe. Consider using fscanf_s instead. To disable deprecation, use _CRT_SECURE_NO_WARNINGS. See online help for details.
                 c:\program files (x86)\microsoft visual studio 10.0\vc\include\stdio.h(253): Siehe Deklaration von 'fscanf'
     1>c:\users\jmartin\documents\visual studio 2010\projects\hausübung_johannes_martin\hausübung_johannes_martin\funkt.cpp(52): warning C4996: 'fopen': This function or variable may be unsafe. Consider using fopen_s instead. To disable deprecation, use _CRT_SECURE_NO_WARNINGS. See online help for details.
                 c:\program files (x86)\microsoft visual studio 10.0\vc\include\stdio.h(234): Siehe Deklaration von 'fopen'
     1>c:\users\jmartin\documents\visual studio 2010\projects\hausübung_johannes_martin\hausübung_johannes_martin\funkt.cpp(53): warning C4996: 'fscanf': This function or variable may be unsafe. Consider using fscanf_s instead. To disable deprecation, use _CRT_SECURE_NO_WARNINGS. See online help for details.
                 c:\program files (x86)\microsoft visual studio 10.0\vc\include\stdio.h(253): Siehe Deklaration von 'fscanf'
     1>c:\users\jmartin\documents\visual studio 2010\projects\hausübung_johannes_martin\hausübung_johannes_martin\funkt.cpp(58): warning C4996: 'fopen': This function or variable may be unsafe. Consider using fopen_s instead. To disable deprecation, use _CRT_SECURE_NO_WARNINGS. See online help for details.
                 c:\program files (x86)\microsoft visual studio 10.0\vc\include\stdio.h(234): Siehe Deklaration von 'fopen'
     1>c:\users\jmartin\documents\visual studio 2010\projects\hausübung_johannes_martin\hausübung_johannes_martin\funkt.cpp(59): warning C4996: 'fscanf': This function or variable may be unsafe. Consider using fscanf_s instead. To disable deprecation, use _CRT_SECURE_NO_WARNINGS. See online help for details.
                 c:\program files (x86)\microsoft visual studio 10.0\vc\include\stdio.h(253): Siehe Deklaration von 'fscanf'
     1>c:\users\jmartin\documents\visual studio 2010\projects\hausübung_johannes_martin\hausübung_johannes_martin\funkt.cpp(68): warning C4996: 'scanf': This function or variable may be unsafe. Consider using scanf_s instead. To disable deprecation, use _CRT_SECURE_NO_WARNINGS. See online help for details.
                 c:\program files (x86)\microsoft visual studio 10.0\vc\include\stdio.h(304): Siehe Deklaration von 'scanf'
     1>c:\users\jmartin\documents\visual studio 2010\projects\hausübung_johannes_martin\hausübung_johannes_martin\funkt.cpp(93): warning C4996: 'fopen': This function or variable may be unsafe. Consider using fopen_s instead. To disable deprecation, use _CRT_SECURE_NO_WARNINGS. See online help for details.
                 c:\program files (x86)\microsoft visual studio 10.0\vc\include\stdio.h(234): Siehe Deklaration von 'fopen'
     1>c:\users\jmartin\documents\visual studio 2010\projects\hausübung_johannes_martin\hausübung_johannes_martin\funkt.cpp(94): warning C4996: 'fscanf': This function or variable may be unsafe. Consider using fscanf_s instead. To disable deprecation, use _CRT_SECURE_NO_WARNINGS. See online help for details.
                 c:\program files (x86)\microsoft visual studio 10.0\vc\include\stdio.h(253): Siehe Deklaration von 'fscanf'
     1>c:\users\jmartin\documents\visual studio 2010\projects\hausübung_johannes_martin\hausübung_johannes_martin\funkt.cpp(100): warning C4996: 'fopen': This function or variable may be unsafe. Consider using fopen_s instead. To disable deprecation, use _CRT_SECURE_NO_WARNINGS. See online help for details.
                 c:\program files (x86)\microsoft visual studio 10.0\vc\include\stdio.h(234): Siehe Deklaration von 'fopen'
     1>c:\users\jmartin\documents\visual studio 2010\projects\hausübung_johannes_martin\hausübung_johannes_martin\funkt.cpp(101): warning C4996: 'fscanf': This function or variable may be unsafe. Consider using fscanf_s instead. To disable deprecation, use _CRT_SECURE_NO_WARNINGS. See online help for details.
                 c:\program files (x86)\microsoft visual studio 10.0\vc\include\stdio.h(253): Siehe Deklaration von 'fscanf'
     1>c:\users\jmartin\documents\visual studio 2010\projects\hausübung_johannes_martin\hausübung_johannes_martin\funkt.cpp(110): warning C4996: 'scanf': This function or variable may be unsafe. Consider using scanf_s instead. To disable deprecation, use _CRT_SECURE_NO_WARNINGS. See online help for details.
                 c:\program files (x86)\microsoft visual studio 10.0\vc\include\stdio.h(304): Siehe Deklaration von 'scanf'
     1>c:\users\jmartin\documents\visual studio 2010\projects\hausübung_johannes_martin\hausübung_johannes_martin\funkt.cpp(122): warning C4996: 'scanf': This function or variable may be unsafe. Consider using scanf_s instead. To disable deprecation, use _CRT_SECURE_NO_WARNINGS. See online help for details.
                 c:\program files (x86)\microsoft visual studio 10.0\vc\include\stdio.h(304): Siehe Deklaration von 'scanf'
     1>c:\users\jmartin\documents\visual studio 2010\projects\hausübung_johannes_martin\hausübung_johannes_martin\funkt.cpp(133): warning C4996: 'scanf': This function or variable may be unsafe. Consider using scanf_s instead. To disable deprecation, use _CRT_SECURE_NO_WARNINGS. See online help for details.
                 c:\program files (x86)\microsoft visual studio 10.0\vc\include\stdio.h(304): Siehe Deklaration von 'scanf'
     1>c:\users\jmartin\documents\visual studio 2010\projects\hausübung_johannes_martin\hausübung_johannes_martin\funkt.cpp(152): warning C4996: 'scanf': This function or variable may be unsafe. Consider using scanf_s instead. To disable deprecation, use _CRT_SECURE_NO_WARNINGS. See online help for details.
                 c:\program files (x86)\microsoft visual studio 10.0\vc\include\stdio.h(304): Siehe Deklaration von 'scanf'
     1>c:\users\jmartin\documents\visual studio 2010\projects\hausübung_johannes_martin\hausübung_johannes_martin\funkt.cpp(173): warning C4996: 'scanf': This function or variable may be unsafe. Consider using scanf_s instead. To disable deprecation, use _CRT_SECURE_NO_WARNINGS. See online help for details.
                 c:\program files (x86)\microsoft visual studio 10.0\vc\include\stdio.h(304): Siehe Deklaration von 'scanf'
     1>c:\users\jmartin\documents\visual studio 2010\projects\hausübung_johannes_martin\hausübung_johannes_martin\funkt.cpp(192): warning C4996: 'fopen': This function or variable may be unsafe. Consider using fopen_s instead. To disable deprecation, use _CRT_SECURE_NO_WARNINGS. See online help for details.
                 c:\program files (x86)\microsoft visual studio 10.0\vc\include\stdio.h(234): Siehe Deklaration von 'fopen'
     1>c:\users\jmartin\documents\visual studio 2010\projects\hausübung_johannes_martin\hausübung_johannes_martin\funkt.cpp(198): warning C4996: 'fopen': This function or variable may be unsafe. Consider using fopen_s instead. To disable deprecation, use _CRT_SECURE_NO_WARNINGS. See online help for details.
                 c:\program files (x86)\microsoft visual studio 10.0\vc\include\stdio.h(234): Siehe Deklaration von 'fopen'
     1>c:\users\jmartin\documents\visual studio 2010\projects\hausübung_johannes_martin\hausübung_johannes_martin\funkt.cpp(212): warning C4996: 'scanf': This function or variable may be unsafe. Consider using scanf_s instead. To disable deprecation, use _CRT_SECURE_NO_WARNINGS. See online help for details.
                 c:\program files (x86)\microsoft visual studio 10.0\vc\include\stdio.h(304): Siehe Deklaration von 'scanf'
     1>c:\users\jmartin\documents\visual studio 2010\projects\hausübung_johannes_martin\hausübung_johannes_martin\funkt.cpp(216): warning C4996: 'scanf': This function or variable may be unsafe. Consider using scanf_s instead. To disable deprecation, use _CRT_SECURE_NO_WARNINGS. See online help for details.
                 c:\program files (x86)\microsoft visual studio 10.0\vc\include\stdio.h(304): Siehe Deklaration von 'scanf'
     1>c:\users\jmartin\documents\visual studio 2010\projects\hausübung_johannes_martin\hausübung_johannes_martin\funkt.cpp(220): warning C4996: 'scanf': This function or variable may be unsafe. Consider using scanf_s instead. To disable deprecation, use _CRT_SECURE_NO_WARNINGS. See online help for details.
                 c:\program files (x86)\microsoft visual studio 10.0\vc\include\stdio.h(304): Siehe Deklaration von 'scanf'
     1>c:\users\jmartin\documents\visual studio 2010\projects\hausübung_johannes_martin\hausübung_johannes_martin\funkt.cpp(224): warning C4996: 'scanf': This function or variable may be unsafe. Consider using scanf_s instead. To disable deprecation, use _CRT_SECURE_NO_WARNINGS. See online help for details.
                 c:\program files (x86)\microsoft visual studio 10.0\vc\include\stdio.h(304): Siehe Deklaration von 'scanf'
     1>c:\users\jmartin\documents\visual studio 2010\projects\hausübung_johannes_martin\hausübung_johannes_martin\funkt.cpp(228): warning C4996: 'scanf': This function or variable may be unsafe. Consider using scanf_s instead. To disable deprecation, use _CRT_SECURE_NO_WARNINGS. See online help for details.
                 c:\program files (x86)\microsoft visual studio 10.0\vc\include\stdio.h(304): Siehe Deklaration von 'scanf'
     1>c:\users\jmartin\documents\visual studio 2010\projects\hausübung_johannes_martin\hausübung_johannes_martin\funkt.cpp(232): warning C4996: 'scanf': This function or variable may be unsafe. Consider using scanf_s instead. To disable deprecation, use _CRT_SECURE_NO_WARNINGS. See online help for details.
                 c:\program files (x86)\microsoft visual studio 10.0\vc\include\stdio.h(304): Siehe Deklaration von 'scanf'
     1>c:\users\jmartin\documents\visual studio 2010\projects\hausübung_johannes_martin\hausübung_johannes_martin\funkt.cpp(236): warning C4996: 'scanf': This function or variable may be unsafe. Consider using scanf_s instead. To disable deprecation, use _CRT_SECURE_NO_WARNINGS. See online help for details.
                 c:\program files (x86)\microsoft visual studio 10.0\vc\include\stdio.h(304): Siehe Deklaration von 'scanf'
     1>c:\users\jmartin\documents\visual studio 2010\projects\hausübung_johannes_martin\hausübung_johannes_martin\funkt.cpp(240): warning C4996: 'scanf': This function or variable may be unsafe. Consider using scanf_s instead. To disable deprecation, use _CRT_SECURE_NO_WARNINGS. See online help for details.
                 c:\program files (x86)\microsoft visual studio 10.0\vc\include\stdio.h(304): Siehe Deklaration von 'scanf'
     1>c:\users\jmartin\documents\visual studio 2010\projects\hausübung_johannes_martin\hausübung_johannes_martin\funkt.cpp(244): warning C4996: 'scanf': This function or variable may be unsafe. Consider using scanf_s instead. To disable deprecation, use _CRT_SECURE_NO_WARNINGS. See online help for details.
                 c:\program files (x86)\microsoft visual studio 10.0\vc\include\stdio.h(304): Siehe Deklaration von 'scanf'
     1>c:\users\jmartin\documents\visual studio 2010\projects\hausübung_johannes_martin\hausübung_johannes_martin\funkt.cpp(248): warning C4996: 'scanf': This function or variable may be unsafe. Consider using scanf_s instead. To disable deprecation, use _CRT_SECURE_NO_WARNINGS. See online help for details.
                 c:\program files (x86)\microsoft visual studio 10.0\vc\include\stdio.h(304): Siehe Deklaration von 'scanf'
     1>c:\users\jmartin\documents\visual studio 2010\projects\hausübung_johannes_martin\hausübung_johannes_martin\funkt.cpp(252): warning C4996: 'scanf': This function or variable may be unsafe. Consider using scanf_s instead. To disable deprecation, use _CRT_SECURE_NO_WARNINGS. See online help for details.
                 c:\program files (x86)\microsoft visual studio 10.0\vc\include\stdio.h(304): Siehe Deklaration von 'scanf'
     1>c:\users\jmartin\documents\visual studio 2010\projects\hausübung_johannes_martin\hausübung_johannes_martin\funkt.cpp(256): warning C4996: 'scanf': This function or variable may be unsafe. Consider using scanf_s instead. To disable deprecation, use _CRT_SECURE_NO_WARNINGS. See online help for details.
                 c:\program files (x86)\microsoft visual studio 10.0\vc\include\stdio.h(304): Siehe Deklaration von 'scanf'
     1>c:\users\jmartin\documents\visual studio 2010\projects\hausübung_johannes_martin\hausübung_johannes_martin\funkt.cpp(260): warning C4996: 'scanf': This function or variable may be unsafe. Consider using scanf_s instead. To disable deprecation, use _CRT_SECURE_NO_WARNINGS. See online help for details.
                 c:\program files (x86)\microsoft visual studio 10.0\vc\include\stdio.h(304): Siehe Deklaration von 'scanf'
     1>c:\users\jmartin\documents\visual studio 2010\projects\hausübung_johannes_martin\hausübung_johannes_martin\funkt.cpp(264): warning C4996: 'scanf': This function or variable may be unsafe. Consider using scanf_s instead. To disable deprecation, use _CRT_SECURE_NO_WARNINGS. See online help for details.
                 c:\program files (x86)\microsoft visual studio 10.0\vc\include\stdio.h(304): Siehe Deklaration von 'scanf'
     1>c:\users\jmartin\documents\visual studio 2010\projects\hausübung_johannes_martin\hausübung_johannes_martin\funkt.cpp(274): warning C4996: 'scanf': This function or variable may be unsafe. Consider using scanf_s instead. To disable deprecation, use _CRT_SECURE_NO_WARNINGS. See online help for details.
                 c:\program files (x86)\microsoft visual studio 10.0\vc\include\stdio.h(304): Siehe Deklaration von 'scanf'
     1>c:\users\jmartin\documents\visual studio 2010\projects\hausübung_johannes_martin\hausübung_johannes_martin\funkt.cpp(278): warning C4996: 'scanf': This function or variable may be unsafe. Consider using scanf_s instead. To disable deprecation, use _CRT_SECURE_NO_WARNINGS. See online help for details.
                 c:\program files (x86)\microsoft visual studio 10.0\vc\include\stdio.h(304): Siehe Deklaration von 'scanf'
     1>c:\users\jmartin\documents\visual studio 2010\projects\hausübung_johannes_martin\hausübung_johannes_martin\funkt.cpp(282): warning C4996: 'scanf': This function or variable may be unsafe. Consider using scanf_s instead. To disable deprecation, use _CRT_SECURE_NO_WARNINGS. See online help for details.
                 c:\program files (x86)\microsoft visual studio 10.0\vc\include\stdio.h(304): Siehe Deklaration von 'scanf'
     1>c:\users\jmartin\documents\visual studio 2010\projects\hausübung_johannes_martin\hausübung_johannes_martin\funkt.cpp(286): warning C4996: 'scanf': This function or variable may be unsafe. Consider using scanf_s instead. To disable deprecation, use _CRT_SECURE_NO_WARNINGS. See online help for details.
                 c:\program files (x86)\microsoft visual studio 10.0\vc\include\stdio.h(304): Siehe Deklaration von 'scanf'
     1>c:\users\jmartin\documents\visual studio 2010\projects\hausübung_johannes_martin\hausübung_johannes_martin\funkt.cpp(290): warning C4996: 'scanf': This function or variable may be unsafe. Consider using scanf_s instead. To disable deprecation, use _CRT_SECURE_NO_WARNINGS. See online help for details.
                 c:\program files (x86)\microsoft visual studio 10.0\vc\include\stdio.h(304): Siehe Deklaration von 'scanf'
     1>c:\users\jmartin\documents\visual studio 2010\projects\hausübung_johannes_martin\hausübung_johannes_martin\funkt.cpp(294): warning C4996: 'scanf': This function or variable may be unsafe. Consider using scanf_s instead. To disable deprecation, use _CRT_SECURE_NO_WARNINGS. See online help for details.
                 c:\program files (x86)\microsoft visual studio 10.0\vc\include\stdio.h(304): Siehe Deklaration von 'scanf'
     1>c:\users\jmartin\documents\visual studio 2010\projects\hausübung_johannes_martin\hausübung_johannes_martin\funkt.cpp(298): warning C4996: 'scanf': This function or variable may be unsafe. Consider using scanf_s instead. To disable deprecation, use _CRT_SECURE_NO_WARNINGS. See online help for details.
                 c:\program files (x86)\microsoft visual studio 10.0\vc\include\stdio.h(304): Siehe Deklaration von 'scanf'
     1>c:\users\jmartin\documents\visual studio 2010\projects\hausübung_johannes_martin\hausübung_johannes_martin\funkt.cpp(302): warning C4996: 'scanf': This function or variable may be unsafe. Consider using scanf_s instead. To disable deprecation, use _CRT_SECURE_NO_WARNINGS. See online help for details.
                 c:\program files (x86)\microsoft visual studio 10.0\vc\include\stdio.h(304): Siehe Deklaration von 'scanf'
     1>c:\users\jmartin\documents\visual studio 2010\projects\hausübung_johannes_martin\hausübung_johannes_martin\funkt.cpp(306): warning C4996: 'scanf': This function or variable may be unsafe. Consider using scanf_s instead. To disable deprecation, use _CRT_SECURE_NO_WARNINGS. See online help for details.
                 c:\program files (x86)\microsoft visual studio 10.0\vc\include\stdio.h(304): Siehe Deklaration von 'scanf'
     1>c:\users\jmartin\documents\visual studio 2010\projects\hausübung_johannes_martin\hausübung_johannes_martin\funkt.cpp(310): warning C4996: 'scanf': This function or variable may be unsafe. Consider using scanf_s instead. To disable deprecation, use _CRT_SECURE_NO_WARNINGS. See online help for details.
                 c:\program files (x86)\microsoft visual studio 10.0\vc\include\stdio.h(304): Siehe Deklaration von 'scanf'
     1>c:\users\jmartin\documents\visual studio 2010\projects\hausübung_johannes_martin\hausübung_johannes_martin\funkt.cpp(314): warning C4996: 'scanf': This function or variable may be unsafe. Consider using scanf_s instead. To disable deprecation, use _CRT_SECURE_NO_WARNINGS. See online help for details.
                 c:\program files (x86)\microsoft visual studio 10.0\vc\include\stdio.h(304): Siehe Deklaration von 'scanf'
     1>c:\users\jmartin\documents\visual studio 2010\projects\hausübung_johannes_martin\hausübung_johannes_martin\funkt.cpp(325): warning C4996: 'scanf': This function or variable may be unsafe. Consider using scanf_s instead. To disable deprecation, use _CRT_SECURE_NO_WARNINGS. See online help for details.
                 c:\program files (x86)\microsoft visual studio 10.0\vc\include\stdio.h(304): Siehe Deklaration von 'scanf'
     1>c:\users\jmartin\documents\visual studio 2010\projects\hausübung_johannes_martin\hausübung_johannes_martin\funkt.cpp(331): warning C4996: 'scanf': This function or variable may be unsafe. Consider using scanf_s instead. To disable deprecation, use _CRT_SECURE_NO_WARNINGS. See online help for details.
                 c:\program files (x86)\microsoft visual studio 10.0\vc\include\stdio.h(304): Siehe Deklaration von 'scanf'
     1>c:\users\jmartin\documents\visual studio 2010\projects\hausübung_johannes_martin\hausübung_johannes_martin\funkt.cpp(335): warning C4996: 'scanf': This function or variable may be unsafe. Consider using scanf_s instead. To disable deprecation, use _CRT_SECURE_NO_WARNINGS. See online help for details.
                 c:\program files (x86)\microsoft visual studio 10.0\vc\include\stdio.h(304): Siehe Deklaration von 'scanf'
     1>c:\users\jmartin\documents\visual studio 2010\projects\hausübung_johannes_martin\hausübung_johannes_martin\funkt.cpp(339): warning C4996: 'scanf': This function or variable may be unsafe. Consider using scanf_s instead. To disable deprecation, use _CRT_SECURE_NO_WARNINGS. See online help for details.
                 c:\program files (x86)\microsoft visual studio 10.0\vc\include\stdio.h(304): Siehe Deklaration von 'scanf'
     1>c:\users\jmartin\documents\visual studio 2010\projects\hausübung_johannes_martin\hausübung_johannes_martin\funkt.cpp(343): warning C4996: 'scanf': This function or variable may be unsafe. Consider using scanf_s instead. To disable deprecation, use _CRT_SECURE_NO_WARNINGS. See online help for details.
                 c:\program files (x86)\microsoft visual studio 10.0\vc\include\stdio.h(304): Siehe Deklaration von 'scanf'
     1>c:\users\jmartin\documents\visual studio 2010\projects\hausübung_johannes_martin\hausübung_johannes_martin\funkt.cpp(347): warning C4996: 'scanf': This function or variable may be unsafe. Consider using scanf_s instead. To disable deprecation, use _CRT_SECURE_NO_WARNINGS. See online help for details.
                 c:\program files (x86)\microsoft visual studio 10.0\vc\include\stdio.h(304): Siehe Deklaration von 'scanf'
     1>c:\users\jmartin\documents\visual studio 2010\projects\hausübung_johannes_martin\hausübung_johannes_martin\funkt.cpp(351): warning C4996: 'scanf': This function or variable may be unsafe. Consider using scanf_s instead. To disable deprecation, use _CRT_SECURE_NO_WARNINGS. See online help for details.
                 c:\program files (x86)\microsoft visual studio 10.0\vc\include\stdio.h(304): Siehe Deklaration von 'scanf'
     1>c:\users\jmartin\documents\visual studio 2010\projects\hausübung_johannes_martin\hausübung_johannes_martin\funkt.cpp(355): warning C4996: 'scanf': This function or variable may be unsafe. Consider using scanf_s instead. To disable deprecation, use _CRT_SECURE_NO_WARNINGS. See online help for details.
                 c:\program files (x86)\microsoft visual studio 10.0\vc\include\stdio.h(304): Siehe Deklaration von 'scanf'
     1>c:\users\jmartin\documents\visual studio 2010\projects\hausübung_johannes_martin\hausübung_johannes_martin\funkt.cpp(359): warning C4996: 'scanf': This function or variable may be unsafe. Consider using scanf_s instead. To disable deprecation, use _CRT_SECURE_NO_WARNINGS. See online help for details.
                 c:\program files (x86)\microsoft visual studio 10.0\vc\include\stdio.h(304): Siehe Deklaration von 'scanf'
     1>c:\users\jmartin\documents\visual studio 2010\projects\hausübung_johannes_martin\hausübung_johannes_martin\funkt.cpp(363): warning C4996: 'scanf': This function or variable may be unsafe. Consider using scanf_s instead. To disable deprecation, use _CRT_SECURE_NO_WARNINGS. See online help for details.
                 c:\program files (x86)\microsoft visual studio 10.0\vc\include\stdio.h(304): Siehe Deklaration von 'scanf'
     1>c:\users\jmartin\documents\visual studio 2010\projects\hausübung_johannes_martin\hausübung_johannes_martin\funkt.cpp(367): warning C4996: 'scanf': This function or variable may be unsafe. Consider using scanf_s instead. To disable deprecation, use _CRT_SECURE_NO_WARNINGS. See online help for details.
                 c:\program files (x86)\microsoft visual studio 10.0\vc\include\stdio.h(304): Siehe Deklaration von 'scanf'
     1>c:\users\jmartin\documents\visual studio 2010\projects\hausübung_johannes_martin\hausübung_johannes_martin\funkt.cpp(371): warning C4996: 'scanf': This function or variable may be unsafe. Consider using scanf_s instead. To disable deprecation, use _CRT_SECURE_NO_WARNINGS. See online help for details.
                 c:\program files (x86)\microsoft visual studio 10.0\vc\include\stdio.h(304): Siehe Deklaration von 'scanf'
     1>c:\users\jmartin\documents\visual studio 2010\projects\hausübung_johannes_martin\hausübung_johannes_martin\funkt.cpp(375): warning C4996: 'scanf': This function or variable may be unsafe. Consider using scanf_s instead. To disable deprecation, use _CRT_SECURE_NO_WARNINGS. See online help for details.
                 c:\program files (x86)\microsoft visual studio 10.0\vc\include\stdio.h(304): Siehe Deklaration von 'scanf'
     1>c:\users\jmartin\documents\visual studio 2010\projects\hausübung_johannes_martin\hausübung_johannes_martin\funkt.cpp(379): warning C4996: 'scanf': This function or variable may be unsafe. Consider using scanf_s instead. To disable deprecation, use _CRT_SECURE_NO_WARNINGS. See online help for details.
                 c:\program files (x86)\microsoft visual studio 10.0\vc\include\stdio.h(304): Siehe Deklaration von 'scanf'
     1>c:\users\jmartin\documents\visual studio 2010\projects\hausübung_johannes_martin\hausübung_johannes_martin\funkt.cpp(383): warning C4996: 'scanf': This function or variable may be unsafe. Consider using scanf_s instead. To disable deprecation, use _CRT_SECURE_NO_WARNINGS. See online help for details.
                 c:\program files (x86)\microsoft visual studio 10.0\vc\include\stdio.h(304): Siehe Deklaration von 'scanf'
     1>c:\users\jmartin\documents\visual studio 2010\projects\hausübung_johannes_martin\hausübung_johannes_martin\funkt.cpp(396): warning C4996: 'scanf': This function or variable may be unsafe. Consider using scanf_s instead. To disable deprecation, use _CRT_SECURE_NO_WARNINGS. See online help for details.
                 c:\program files (x86)\microsoft visual studio 10.0\vc\include\stdio.h(304): Siehe Deklaration von 'scanf'
     1>c:\users\jmartin\documents\visual studio 2010\projects\hausübung_johannes_martin\hausübung_johannes_martin\funkt.cpp(402): warning C4996: 'scanf': This function or variable may be unsafe. Consider using scanf_s instead. To disable deprecation, use _CRT_SECURE_NO_WARNINGS. See online help for details.
                 c:\program files (x86)\microsoft visual studio 10.0\vc\include\stdio.h(304): Siehe Deklaration von 'scanf'
     1>c:\users\jmartin\documents\visual studio 2010\projects\hausübung_johannes_martin\hausübung_johannes_martin\funkt.cpp(406): warning C4996: 'scanf': This function or variable may be unsafe. Consider using scanf_s instead. To disable deprecation, use _CRT_SECURE_NO_WARNINGS. See online help for details.
                 c:\program files (x86)\microsoft visual studio 10.0\vc\include\stdio.h(304): Siehe Deklaration von 'scanf'
     1>c:\users\jmartin\documents\visual studio 2010\projects\hausübung_johannes_martin\hausübung_johannes_martin\funkt.cpp(410): warning C4996: 'scanf': This function or variable may be unsafe. Consider using scanf_s instead. To disable deprecation, use _CRT_SECURE_NO_WARNINGS. See online help for details.
                 c:\program files (x86)\microsoft visual studio 10.0\vc\include\stdio.h(304): Siehe Deklaration von 'scanf'
     1>c:\users\jmartin\documents\visual studio 2010\projects\hausübung_johannes_martin\hausübung_johannes_martin\funkt.cpp(414): warning C4996: 'scanf': This function or variable may be unsafe. Consider using scanf_s instead. To disable deprecation, use _CRT_SECURE_NO_WARNINGS. See online help for details.
                 c:\program files (x86)\microsoft visual studio 10.0\vc\include\stdio.h(304): Siehe Deklaration von 'scanf'
     1>c:\users\jmartin\documents\visual studio 2010\projects\hausübung_johannes_martin\hausübung_johannes_martin\funkt.cpp(418): warning C4996: 'scanf': This function or variable may be unsafe. Consider using scanf_s instead. To disable deprecation, use _CRT_SECURE_NO_WARNINGS. See online help for details.
                 c:\program files (x86)\microsoft visual studio 10.0\vc\include\stdio.h(304): Siehe Deklaration von 'scanf'
     1>c:\users\jmartin\documents\visual studio 2010\projects\hausübung_johannes_martin\hausübung_johannes_martin\funkt.cpp(422): warning C4996: 'scanf': This function or variable may be unsafe. Consider using scanf_s instead. To disable deprecation, use _CRT_SECURE_NO_WARNINGS. See online help for details.
                 c:\program files (x86)\microsoft visual studio 10.0\vc\include\stdio.h(304): Siehe Deklaration von 'scanf'
     1>c:\users\jmartin\documents\visual studio 2010\projects\hausübung_johannes_martin\hausübung_johannes_martin\funkt.cpp(426): warning C4996: 'scanf': This function or variable may be unsafe. Consider using scanf_s instead. To disable deprecation, use _CRT_SECURE_NO_WARNINGS. See online help for details.
                 c:\program files (x86)\microsoft visual studio 10.0\vc\include\stdio.h(304): Siehe Deklaration von 'scanf'
     1>c:\users\jmartin\documents\visual studio 2010\projects\hausübung_johannes_martin\hausübung_johannes_martin\funkt.cpp(430): warning C4996: 'scanf': This function or variable may be unsafe. Consider using scanf_s instead. To disable deprecation, use _CRT_SECURE_NO_WARNINGS. See online help for details.
                 c:\program files (x86)\microsoft visual studio 10.0\vc\include\stdio.h(304): Siehe Deklaration von 'scanf'
     1>c:\users\jmartin\documents\visual studio 2010\projects\hausübung_johannes_martin\hausübung_johannes_martin\funkt.cpp(434): warning C4996: 'scanf': This function or variable may be unsafe. Consider using scanf_s instead. To disable deprecation, use _CRT_SECURE_NO_WARNINGS. See online help for details.
                 c:\program files (x86)\microsoft visual studio 10.0\vc\include\stdio.h(304): Siehe Deklaration von 'scanf'
     1>c:\users\jmartin\documents\visual studio 2010\projects\hausübung_johannes_martin\hausübung_johannes_martin\funkt.cpp(438): warning C4996: 'scanf': This function or variable may be unsafe. Consider using scanf_s instead. To disable deprecation, use _CRT_SECURE_NO_WARNINGS. See online help for details.
                 c:\program files (x86)\microsoft visual studio 10.0\vc\include\stdio.h(304): Siehe Deklaration von 'scanf'
     1>c:\users\jmartin\documents\visual studio 2010\projects\hausübung_johannes_martin\hausübung_johannes_martin\funkt.cpp(442): warning C4996: 'scanf': This function or variable may be unsafe. Consider using scanf_s instead. To disable deprecation, use _CRT_SECURE_NO_WARNINGS. See online help for details.
                 c:\program files (x86)\microsoft visual studio 10.0\vc\include\stdio.h(304): Siehe Deklaration von 'scanf'
     1>c:\users\jmartin\documents\visual studio 2010\projects\hausübung_johannes_martin\hausübung_johannes_martin\funkt.cpp(456): warning C4996: 'scanf': This function or variable may be unsafe. Consider using scanf_s instead. To disable deprecation, use _CRT_SECURE_NO_WARNINGS. See online help for details.
                 c:\program files (x86)\microsoft visual studio 10.0\vc\include\stdio.h(304): Siehe Deklaration von 'scanf'
     1>c:\users\jmartin\documents\visual studio 2010\projects\hausübung_johannes_martin\hausübung_johannes_martin\funkt.cpp(467): warning C4996: 'scanf': This function or variable may be unsafe. Consider using scanf_s instead. To disable deprecation, use _CRT_SECURE_NO_WARNINGS. See online help for details.
                 c:\program files (x86)\microsoft visual studio 10.0\vc\include\stdio.h(304): Siehe Deklaration von 'scanf'
     1>c:\users\jmartin\documents\visual studio 2010\projects\hausübung_johannes_martin\hausübung_johannes_martin\funkt.cpp(488): warning C4996: 'scanf': This function or variable may be unsafe. Consider using scanf_s instead. To disable deprecation, use _CRT_SECURE_NO_WARNINGS. See online help for details.
                 c:\program files (x86)\microsoft visual studio 10.0\vc\include\stdio.h(304): Siehe Deklaration von 'scanf'
     1>c:\users\jmartin\documents\visual studio 2010\projects\hausübung_johannes_martin\hausübung_johannes_martin\funkt.cpp(515): warning C4996: 'fopen': This function or variable may be unsafe. Consider using fopen_s instead. To disable deprecation, use _CRT_SECURE_NO_WARNINGS. See online help for details.
                 c:\program files (x86)\microsoft visual studio 10.0\vc\include\stdio.h(234): Siehe Deklaration von 'fopen'
     1>c:\users\jmartin\documents\visual studio 2010\projects\hausübung_johannes_martin\hausübung_johannes_martin\funkt.cpp(516): warning C4996: 'fscanf': This function or variable may be unsafe. Consider using fscanf_s instead. To disable deprecation, use _CRT_SECURE_NO_WARNINGS. See online help for details.
                 c:\program files (x86)\microsoft visual studio 10.0\vc\include\stdio.h(253): Siehe Deklaration von 'fscanf'
     1>c:\users\jmartin\documents\visual studio 2010\projects\hausübung_johannes_martin\hausübung_johannes_martin\funkt.cpp(520): warning C4996: 'fopen': This function or variable may be unsafe. Consider using fopen_s instead. To disable deprecation, use _CRT_SECURE_NO_WARNINGS. See online help for details.
                 c:\program files (x86)\microsoft visual studio 10.0\vc\include\stdio.h(234): Siehe Deklaration von 'fopen'
     1>c:\users\jmartin\documents\visual studio 2010\projects\hausübung_johannes_martin\hausübung_johannes_martin\funkt.cpp(533): warning C4996: 'scanf': This function or variable may be unsafe. Consider using scanf_s instead. To disable deprecation, use _CRT_SECURE_NO_WARNINGS. See online help for details.
                 c:\program files (x86)\microsoft visual studio 10.0\vc\include\stdio.h(304): Siehe Deklaration von 'scanf'
     1>c:\users\jmartin\documents\visual studio 2010\projects\hausübung_johannes_martin\hausübung_johannes_martin\funkt.cpp(541): warning C4996: 'scanf': This function or variable may be unsafe. Consider using scanf_s instead. To disable deprecation, use _CRT_SECURE_NO_WARNINGS. See online help for details.
                 c:\program files (x86)\microsoft visual studio 10.0\vc\include\stdio.h(304): Siehe Deklaration von 'scanf'
     1>c:\users\jmartin\documents\visual studio 2010\projects\hausübung_johannes_martin\hausübung_johannes_martin\funkt.cpp(547): warning C4996: 'strcpy': This function or variable may be unsafe. Consider using strcpy_s instead. To disable deprecation, use _CRT_SECURE_NO_WARNINGS. See online help for details.
                 c:\program files (x86)\microsoft visual studio 10.0\vc\include\string.h(105): Siehe Deklaration von 'strcpy'
     1>c:\users\jmartin\documents\visual studio 2010\projects\hausübung_johannes_martin\hausübung_johannes_martin\funkt.cpp(548): warning C4996: 'strcpy': This function or variable may be unsafe. Consider using strcpy_s instead. To disable deprecation, use _CRT_SECURE_NO_WARNINGS. See online help for details.
                 c:\program files (x86)\microsoft visual studio 10.0\vc\include\string.h(105): Siehe Deklaration von 'strcpy'
     1>c:\users\jmartin\documents\visual studio 2010\projects\hausübung_johannes_martin\hausübung_johannes_martin\funkt.cpp(549): warning C4996: 'strcpy': This function or variable may be unsafe. Consider using strcpy_s instead. To disable deprecation, use _CRT_SECURE_NO_WARNINGS. See online help for details.
                 c:\program files (x86)\microsoft visual studio 10.0\vc\include\string.h(105): Siehe Deklaration von 'strcpy'
     1>c:\users\jmartin\documents\visual studio 2010\projects\hausübung_johannes_martin\hausübung_johannes_martin\funkt.cpp(550): warning C4996: 'strcpy': This function or variable may be unsafe. Consider using strcpy_s instead. To disable deprecation, use _CRT_SECURE_NO_WARNINGS. See online help for details.
                 c:\program files (x86)\microsoft visual studio 10.0\vc\include\string.h(105): Siehe Deklaration von 'strcpy'
     1>c:\users\jmartin\documents\visual studio 2010\projects\hausübung_johannes_martin\hausübung_johannes_martin\funkt.cpp(551): warning C4996: 'strcpy': This function or variable may be unsafe. Consider using strcpy_s instead. To disable deprecation, use _CRT_SECURE_NO_WARNINGS. See online help for details.
                 c:\program files (x86)\microsoft visual studio 10.0\vc\include\string.h(105): Siehe Deklaration von 'strcpy'
     1>c:\users\jmartin\documents\visual studio 2010\projects\hausübung_johannes_martin\hausübung_johannes_martin\funkt.cpp(552): warning C4996: 'strcpy': This function or variable may be unsafe. Consider using strcpy_s instead. To disable deprecation, use _CRT_SECURE_NO_WARNINGS. See online help for details.
                 c:\program files (x86)\microsoft visual studio 10.0\vc\include\string.h(105): Siehe Deklaration von 'strcpy'
     1>c:\users\jmartin\documents\visual studio 2010\projects\hausübung_johannes_martin\hausübung_johannes_martin\funkt.cpp(553): warning C4996: 'strcpy': This function or variable may be unsafe. Consider using strcpy_s instead. To disable deprecation, use _CRT_SECURE_NO_WARNINGS. See online help for details.
                 c:\program files (x86)\microsoft visual studio 10.0\vc\include\string.h(105): Siehe Deklaration von 'strcpy'
     1>c:\users\jmartin\documents\visual studio 2010\projects\hausübung_johannes_martin\hausübung_johannes_martin\funkt.cpp(554): warning C4996: 'strcpy': This function or variable may be unsafe. Consider using strcpy_s instead. To disable deprecation, use _CRT_SECURE_NO_WARNINGS. See online help for details.
                 c:\program files (x86)\microsoft visual studio 10.0\vc\include\string.h(105): Siehe Deklaration von 'strcpy'
     1>c:\users\jmartin\documents\visual studio 2010\projects\hausübung_johannes_martin\hausübung_johannes_martin\funkt.cpp(555): warning C4996: 'strcpy': This function or variable may be unsafe. Consider using strcpy_s instead. To disable deprecation, use _CRT_SECURE_NO_WARNINGS. See online help for details.
                 c:\program files (x86)\microsoft visual studio 10.0\vc\include\string.h(105): Siehe Deklaration von 'strcpy'
     1>c:\users\jmartin\documents\visual studio 2010\projects\hausübung_johannes_martin\hausübung_johannes_martin\funkt.cpp(556): warning C4996: 'strcpy': This function or variable may be unsafe. Consider using strcpy_s instead. To disable deprecation, use _CRT_SECURE_NO_WARNINGS. See online help for details.
                 c:\program files (x86)\microsoft visual studio 10.0\vc\include\string.h(105): Siehe Deklaration von 'strcpy'
     1>c:\users\jmartin\documents\visual studio 2010\projects\hausübung_johannes_martin\hausübung_johannes_martin\funkt.cpp(557): warning C4996: 'strcpy': This function or variable may be unsafe. Consider using strcpy_s instead. To disable deprecation, use _CRT_SECURE_NO_WARNINGS. See online help for details.
                 c:\program files (x86)\microsoft visual studio 10.0\vc\include\string.h(105): Siehe Deklaration von 'strcpy'
     1>c:\users\jmartin\documents\visual studio 2010\projects\hausübung_johannes_martin\hausübung_johannes_martin\funkt.cpp(558): warning C4996: 'strcpy': This function or variable may be unsafe. Consider using strcpy_s instead. To disable deprecation, use _CRT_SECURE_NO_WARNINGS. See online help for details.
                 c:\program files (x86)\microsoft visual studio 10.0\vc\include\string.h(105): Siehe Deklaration von 'strcpy'
     1>c:\users\jmartin\documents\visual studio 2010\projects\hausübung_johannes_martin\hausübung_johannes_martin\funkt.cpp(559): warning C4996: 'strcpy': This function or variable may be unsafe. Consider using strcpy_s instead. To disable deprecation, use _CRT_SECURE_NO_WARNINGS. See online help for details.
                 c:\program files (x86)\microsoft visual studio 10.0\vc\include\string.h(105): Siehe Deklaration von 'strcpy'
     1>c:\users\jmartin\documents\visual studio 2010\projects\hausübung_johannes_martin\hausübung_johannes_martin\funkt.cpp(560): warning C4996: 'strcpy': This function or variable may be unsafe. Consider using strcpy_s instead. To disable deprecation, use _CRT_SECURE_NO_WARNINGS. See online help for details.
                 c:\program files (x86)\microsoft visual studio 10.0\vc\include\string.h(105): Siehe Deklaration von 'strcpy'
     1>c:\users\jmartin\documents\visual studio 2010\projects\hausübung_johannes_martin\hausübung_johannes_martin\funkt.cpp(564): warning C4996: 'fopen': This function or variable may be unsafe. Consider using fopen_s instead. To disable deprecation, use _CRT_SECURE_NO_WARNINGS. See online help for details.
                 c:\program files (x86)\microsoft visual studio 10.0\vc\include\stdio.h(234): Siehe Deklaration von 'fopen'
     1>c:\users\jmartin\documents\visual studio 2010\projects\hausübung_johannes_martin\hausübung_johannes_martin\funkt.cpp(571): warning C4996: 'fopen': This function or variable may be unsafe. Consider using fopen_s instead. To disable deprecation, use _CRT_SECURE_NO_WARNINGS. See online help for details.
                 c:\program files (x86)\microsoft visual studio 10.0\vc\include\stdio.h(234): Siehe Deklaration von 'fopen'
     1>c:\users\jmartin\documents\visual studio 2010\projects\hausübung_johannes_martin\hausübung_johannes_martin\funkt.cpp(579): warning C4996: 'getch': The POSIX name for this item is deprecated. Instead, use the ISO C++ conformant name: _getch. See online help for details.
                 c:\program files (x86)\microsoft visual studio 10.0\vc\include\conio.h(128): Siehe Deklaration von 'getch'
     1>c:\users\jmartin\documents\visual studio 2010\projects\hausübung_johannes_martin\hausübung_johannes_martin\funkt.cpp(595): warning C4996: 'fopen': This function or variable may be unsafe. Consider using fopen_s instead. To disable deprecation, use _CRT_SECURE_NO_WARNINGS. See online help for details.
                 c:\program files (x86)\microsoft visual studio 10.0\vc\include\stdio.h(234): Siehe Deklaration von 'fopen'
     1>c:\users\jmartin\documents\visual studio 2010\projects\hausübung_johannes_martin\hausübung_johannes_martin\funkt.cpp(596): warning C4996: 'fscanf': This function or variable may be unsafe. Consider using fscanf_s instead. To disable deprecation, use _CRT_SECURE_NO_WARNINGS. See online help for details.
                 c:\program files (x86)\microsoft visual studio 10.0\vc\include\stdio.h(253): Siehe Deklaration von 'fscanf'
     1>c:\users\jmartin\documents\visual studio 2010\projects\hausübung_johannes_martin\hausübung_johannes_martin\funkt.cpp(600): warning C4996: 'fopen': This function or variable may be unsafe. Consider using fopen_s instead. To disable deprecation, use _CRT_SECURE_NO_WARNINGS. See online help for details.
                 c:\program files (x86)\microsoft visual studio 10.0\vc\include\stdio.h(234): Siehe Deklaration von 'fopen'
     1>c:\users\jmartin\documents\visual studio 2010\projects\hausübung_johannes_martin\hausübung_johannes_martin\funkt.cpp(611): warning C4996: 'scanf': This function or variable may be unsafe. Consider using scanf_s instead. To disable deprecation, use _CRT_SECURE_NO_WARNINGS. See online help for details.
                 c:\program files (x86)\microsoft visual studio 10.0\vc\include\stdio.h(304): Siehe Deklaration von 'scanf'
     1>c:\users\jmartin\documents\visual studio 2010\projects\hausübung_johannes_martin\hausübung_johannes_martin\funkt.cpp(618): warning C4996: 'scanf': This function or variable may be unsafe. Consider using scanf_s instead. To disable deprecation, use _CRT_SECURE_NO_WARNINGS. See online help for details.
                 c:\program files (x86)\microsoft visual studio 10.0\vc\include\stdio.h(304): Siehe Deklaration von 'scanf'
     1>c:\users\jmartin\documents\visual studio 2010\projects\hausübung_johannes_martin\hausübung_johannes_martin\funkt.cpp(629): warning C4996: 'getch': The POSIX name for this item is deprecated. Instead, use the ISO C++ conformant name: _getch. See online help for details.
                 c:\program files (x86)\microsoft visual studio 10.0\vc\include\conio.h(128): Siehe Deklaration von 'getch'
     1>c:\users\jmartin\documents\visual studio 2010\projects\hausübung_johannes_martin\hausübung_johannes_martin\funkt.cpp(635): warning C4996: 'scanf': This function or variable may be unsafe. Consider using scanf_s instead. To disable deprecation, use _CRT_SECURE_NO_WARNINGS. See online help for details.
                 c:\program files (x86)\microsoft visual studio 10.0\vc\include\stdio.h(304): Siehe Deklaration von 'scanf'
     1>c:\users\jmartin\documents\visual studio 2010\projects\hausübung_johannes_martin\hausübung_johannes_martin\funkt.cpp(645): warning C4996: 'getch': The POSIX name for this item is deprecated. Instead, use the ISO C++ conformant name: _getch. See online help for details.
                 c:\program files (x86)\microsoft visual studio 10.0\vc\include\conio.h(128): Siehe Deklaration von 'getch'
     1>c:\users\jmartin\documents\visual studio 2010\projects\hausübung_johannes_martin\hausübung_johannes_martin\funkt.cpp(651): warning C4996: 'scanf': This function or variable may be unsafe. Consider using scanf_s instead. To disable deprecation, use _CRT_SECURE_NO_WARNINGS. See online help for details.
                 c:\program files (x86)\microsoft visual studio 10.0\vc\include\stdio.h(304): Siehe Deklaration von 'scanf'
     1>c:\users\jmartin\documents\visual studio 2010\projects\hausübung_johannes_martin\hausübung_johannes_martin\funkt.cpp(661): warning C4996: 'getch': The POSIX name for this item is deprecated. Instead, use the ISO C++ conformant name: _getch. See online help for details.
                 c:\program files (x86)\microsoft visual studio 10.0\vc\include\conio.h(128): Siehe Deklaration von 'getch'
     1>c:\users\jmartin\documents\visual studio 2010\projects\hausübung_johannes_martin\hausübung_johannes_martin\funkt.cpp(667): warning C4996: 'scanf': This function or variable may be unsafe. Consider using scanf_s instead. To disable deprecation, use _CRT_SECURE_NO_WARNINGS. See online help for details.
                 c:\program files (x86)\microsoft visual studio 10.0\vc\include\stdio.h(304): Siehe Deklaration von 'scanf'
     1>c:\users\jmartin\documents\visual studio 2010\projects\hausübung_johannes_martin\hausübung_johannes_martin\funkt.cpp(677): warning C4996: 'getch': The POSIX name for this item is deprecated. Instead, use the ISO C++ conformant name: _getch. See online help for details.
                 c:\program files (x86)\microsoft visual studio 10.0\vc\include\conio.h(128): Siehe Deklaration von 'getch'
     1>c:\users\jmartin\documents\visual studio 2010\projects\hausübung_johannes_martin\hausübung_johannes_martin\funkt.cpp(686): warning C4996: 'fopen': This function or variable may be unsafe. Consider using fopen_s instead. To disable deprecation, use _CRT_SECURE_NO_WARNINGS. See online help for details.
                 c:\program files (x86)\microsoft visual studio 10.0\vc\include\stdio.h(234): Siehe Deklaration von 'fopen'
     1>c:\users\jmartin\documents\visual studio 2010\projects\hausübung_johannes_martin\hausübung_johannes_martin\funkt.cpp(694): warning C4996: 'fopen': This function or variable may be unsafe. Consider using fopen_s instead. To disable deprecation, use _CRT_SECURE_NO_WARNINGS. See online help for details.
                 c:\program files (x86)\microsoft visual studio 10.0\vc\include\stdio.h(234): Siehe Deklaration von 'fopen'
     1>c:\users\jmartin\documents\visual studio 2010\projects\hausübung_johannes_martin\hausübung_johannes_martin\funkt.cpp(703): warning C4996: 'fopen': This function or variable may be unsafe. Consider using fopen_s instead. To disable deprecation, use _CRT_SECURE_NO_WARNINGS. See online help for details.
                 c:\program files (x86)\microsoft visual studio 10.0\vc\include\stdio.h(234): Siehe Deklaration von 'fopen'
     1>c:\users\jmartin\documents\visual studio 2010\projects\hausübung_johannes_martin\hausübung_johannes_martin\funkt.cpp(713): warning C4996: 'fopen': This function or variable may be unsafe. Consider using fopen_s instead. To disable deprecation, use _CRT_SECURE_NO_WARNINGS. See online help for details.
                 c:\program files (x86)\microsoft visual studio 10.0\vc\include\stdio.h(234): Siehe Deklaration von 'fopen'
     1>c:\users\jmartin\documents\visual studio 2010\projects\hausübung_johannes_martin\hausübung_johannes_martin\funkt.cpp(732): warning C4996: 'scanf': This function or variable may be unsafe. Consider using scanf_s instead. To disable deprecation, use _CRT_SECURE_NO_WARNINGS. See online help for details.
                 c:\program files (x86)\microsoft visual studio 10.0\vc\include\stdio.h(304): Siehe Deklaration von 'scanf'
       Link:
         C:\Program Files (x86)\Microsoft Visual Studio 10.0\VC\bin\link.exe /ERRORREPORT:PROMPT /OUT:"c:\users\jmartin\documents\visual studio 2010\Projects\Hausübung_Johannes_Martin\Debug\Hausübung_Johannes_Martin.exe" /NOLOGO kernel32.lib user32.lib gdi32.lib winspool.lib comdlg32.lib advapi32.lib shell32.lib ole32.lib oleaut32.lib uuid.lib odbc32.lib odbccp32.lib /MANIFEST /ManifestFile:"Debug\Hausübung_Johannes_Martin.exe.intermediate.manifest" /MANIFESTUAC:"level='asInvoker' uiAccess='false'" /DEBUG /PDB:"c:\users\jmartin\documents\visual studio 2010\Projects\Hausübung_Johannes_Martin\Debug\Hausübung_Johannes_Martin.pdb" /TLBID:1 /DYNAMICBASE /NXCOMPAT /IMPLIB:"c:\users\jmartin\documents\visual studio 2010\Projects\Hausübung_Johannes_Martin\Debug\Hausübung_Johannes_Martin.lib" /MACHINE:X86 Debug\Funkt.obj
         Debug\Main.obj
         LINK : c:\users\jmartin\documents\visual studio 2010\Projects\Hausübung_Johannes_Martin\Debug\Hausübung_Johannes_Martin.exe wurde nicht gefunden oder beim letzten inkrementellen Linkvorgang nicht erstellt; vollständiger Link wird durchgeführt.
         Hausübung_Johannes_Martin.vcxproj -> c:\users\jmartin\documents\visual studio 2010\Projects\Hausübung_Johannes_Martin\Debug\Hausübung_Johannes_Martin.exe
       Manifest:
         C:\Program Files (x86)\Microsoft SDKs\Windows\v7.0A\bin\mt.exe /nologo /verbose /outputresource:"c:\users\jmartin\documents\visual studio 2010\Projects\Hausübung_Johannes_Martin\Debug\Hausübung_Johannes_Martin.exe;#1" /manifest "Debug\Hausübung_Johannes_Martin.exe.intermediate.manifest"
       FinalizeBuildStatus:
         Die Datei "Debug\Hausübung_Johannes_Martin.unsuccessfulbuild" wird gelöscht.
         Aktualisieren des Timestamps von "Debug\Hausübung_Johannes_Martin.lastbuildstate".
     1>Die Erstellung des Projekts "c:\Users\jmartin\documents\visual studio 2010\Projects\Hausübung_Johannes_Martin\Hausübung_Johannes_Martin\Hausübung_Johannes_Martin.vcxproj" ist abgeschlossen, build Ziel(e).

Das Erstellen war erfolgreich.

Verstrichene Zeit 00:00:01.82
